androidthings/blinking-led/build/outputs/logs/manifest-merger-debug-report.txt
-- Merging decision tree log ---
manifest
ADDED from src/main/AndroidManifest.xml:2:1-23:12
	package
		ADDED from src/main/AndroidManifest.xml:3:5-52
		INJECTED from src/main/AndroidManifest.xml
		INJECTED from src/main/AndroidManifest.xml
	android:versionName
		INJECTED from src/main/AndroidManifest.xml
		INJECTED from src/main/AndroidManifest.xml
	xmlns:android
		ADDED from src/main/AndroidManifest.xml:2:11-69
	android:versionCode
		INJECTED from src/main/AndroidManifest.xml
		INJECTED from src/main/AndroidManifest.xml
uses-permission#android.permission.INTERNET
ADDED from src/main/AndroidManifest.xml:4:5-67
	android:name
		ADDED from src/main/AndroidManifest.xml:4:22-64
application
ADDED from src/main/AndroidManifest.xml:5:5-21:19
MERGED from [contrib-drivers-master:fezhat:unspecified] AndroidManifest.xml:11:5-13:19
MERGED from [contrib-drivers-master:apa102:unspecified] AndroidManifest.xml:26:5-28:19
MERGED from [contrib-drivers-master:button:unspecified] AndroidManifest.xml:26:5-28:19
MERGED from [contrib-drivers-master:bmx280:unspecified] AndroidManifest.xml:26:5-28:19
MERGED from [contrib-drivers-master:ht16k33:unspecified] AndroidManifest.xml:26:5-28:19
MERGED from [contrib-drivers-master:pwmspeaker:unspecified] AndroidManifest.xml:26:5-28:19
MERGED from [contrib-drivers-master:pwmservo:unspecified] AndroidManifest.xml:26:5-28:19
MERGED from [contrib-drivers-master:ads7830:unspecified] AndroidManifest.xml:11:5-13:19
MERGED from [contrib-drivers-master:mma8453:unspecified] AndroidManifest.xml:11:5-13:19
MERGED from [contrib-drivers-master:pca9685:unspecified] AndroidManifest.xml:11:5-13:19
uses-library#com.google.android.things
ADDED from src/main/AndroidManifest.xml:6:9-66
MERGED from [contrib-drivers-master:fezhat:unspecified] AndroidManifest.xml:12:9-66
MERGED from [contrib-drivers-master:apa102:unspecified] AndroidManifest.xml:27:9-66
MERGED from [contrib-drivers-master:button:unspecified] AndroidManifest.xml:27:9-66
MERGED from [contrib-drivers-master:bmx280:unspecified] AndroidManifest.xml:27:9-66
MERGED from [contrib-drivers-master:ht16k33:unspecified] AndroidManifest.xml:27:9-66
MERGED from [contrib-drivers-master:pwmspeaker:unspecified] AndroidManifest.xml:27:9-66
MERGED from [contrib-drivers-master:pwmservo:unspecified] AndroidManifest.xml:27:9-66
MERGED from [contrib-drivers-master:ads7830:unspecified] AndroidManifest.xml:12:9-66
MERGED from [contrib-drivers-master:mma8453:unspecified] AndroidManifest.xml:12:9-66
MERGED from [contrib-drivers-master:pca9685:unspecified] AndroidManifest.xml:12:9-66
	android:name
		ADDED from src/main/AndroidManifest.xml:6:23-63
activity#com.gravicode.mifmasterz.blinking_led.MainActivity
ADDED from src/main/AndroidManifest.xml:8:9-20:20
	android:name
		ADDED from src/main/AndroidManifest.xml:8:19-47
intent-filter#android.intent.action.MAIN+android.intent.category.LAUNCHER
ADDED from src/main/AndroidManifest.xml:9:13-13:29
action#android.intent.action.MAIN
ADDED from src/main/AndroidManifest.xml:10:17-69
	android:name
		ADDED from src/main/AndroidManifest.xml:10:25-66
category#android.intent.category.LAUNCHER
ADDED from src/main/AndroidManifest.xml:12:17-77
	android:name
		ADDED from src/main/AndroidManifest.xml:12:27-74
intent-filter#android.intent.action.MAIN+android.intent.category.DEFAULT+android.intent.category.IOT_LAUNCHER
ADDED from src/main/AndroidManifest.xml:14:13-19:29
category#android.intent.category.IOT_LAUNCHER
ADDED from src/main/AndroidManifest.xml:17:17-81
	android:name
		ADDED from src/main/AndroidManifest.xml:17:27-78
category#android.intent.category.DEFAULT
ADDED from src/main/AndroidManifest.xml:18:17-76
	android:name
		ADDED from src/main/AndroidManifest.xml:18:27-73
uses-sdk
INJECTED from src/main/AndroidManifest.xml reason: use-sdk injection requested
MERGED from [contrib-drivers-master:fezhat:unspecified] AndroidManifest.xml:7:5-9:41
MERGED from [contrib-drivers-master:apa102:unspecified] AndroidManifest.xml:22:5-24:41
MERGED from [contrib-drivers-master:button:unspecified] AndroidManifest.xml:22:5-24:41
MERGED from [contrib-drivers-master:bmx280:unspecified] AndroidManifest.xml:22:5-24:41
MERGED from [contrib-drivers-master:ht16k33:unspecified] AndroidManifest.xml:22:5-24:41
MERGED from [contrib-drivers-master:pwmspeaker:unspecified] AndroidManifest.xml:22:5-24:41
MERGED from [contrib-drivers-master:pwmservo:unspecified] AndroidManifest.xml:22:5-24:41
MERGED from [contrib-drivers-master:ads7830:unspecified] AndroidManifest.xml:7:5-9:41
MERGED from [contrib-drivers-master:mma8453:unspecified] AndroidManifest.xml:7:5-9:41
MERGED from [contrib-drivers-master:pca9685:unspecified] AndroidManifest.xml:7:5-9:41
	android:targetSdkVersion
		INJECTED from src/main/AndroidManifest.xml
		INJECTED from src/main/AndroidManifest.xml
	android:minSdkVersion
		INJECTED from src/main/AndroidManifest.xml
		INJECTED from src/main/AndroidManifest.xml